<?xml version="1.0" encoding="UTF-8"?>
<!-- Generated by org.testng.reporters.JUnitReportReporter -->
<testsuite skipped="0" hostname="Rakyesh-PC" name="redifftest.TC_1" tests="1" failures="0" timestamp="20 Nov 2021 06:48:00 GMT" time="21.671" errors="0">
  <testcase name="f" time="21.671" classname="redifftest.TC_1"/>
</testsuite> <!-- redifftest.TC_1 -->
